<?xml version="1.0" encoding="UTF-8"?>
<testng-results skipped="0" failed="0" ignored="0" total="2" passed="2">
  <reporter-output>
  </reporter-output>
  <suite name="TestNG Listener Example" duration-ms="12380" started-at="2019-10-13T11:58:35Z" finished-at="2019-10-13T11:58:48Z">
    <groups>
    </groups>
    <test name="Google Search Results Tests" duration-ms="12380" started-at="2019-10-13T11:58:35Z" finished-at="2019-10-13T11:58:48Z">
      <class name="GoogleSearchTest">
        <test-method status="PASS" signature="setUpDriver()[pri:0, instance:GoogleSearchTest@7dc7cbad]" name="setUpDriver" is-config="true" duration-ms="4100" started-at="2019-10-13T11:58:36Z" finished-at="2019-10-13T11:58:40Z">
          <reporter-output>
          </reporter-output>
        </test-method> <!-- setUpDriver -->
        <test-method status="PASS" signature="verifySearchTerm_Mouse()[pri:0, instance:GoogleSearchTest@7dc7cbad]" name="verifySearchTerm_Mouse" duration-ms="2753" started-at="2019-10-13T11:58:40Z" finished-at="2019-10-13T11:58:42Z">
          <reporter-output>
          </reporter-output>
        </test-method> <!-- verifySearchTerm_Mouse -->
        <test-method status="PASS" signature="closeBrowser()[pri:0, instance:GoogleSearchTest@7dc7cbad]" name="closeBrowser" is-config="true" duration-ms="108" started-at="2019-10-13T11:58:42Z" finished-at="2019-10-13T11:58:42Z">
          <reporter-output>
          </reporter-output>
        </test-method> <!-- closeBrowser -->
        <test-method status="PASS" signature="setUpDriver()[pri:0, instance:GoogleSearchTest@7dc7cbad]" name="setUpDriver" is-config="true" duration-ms="2926" started-at="2019-10-13T11:58:42Z" finished-at="2019-10-13T11:58:45Z">
          <reporter-output>
          </reporter-output>
        </test-method> <!-- setUpDriver -->
        <test-method status="PASS" signature="verifySearchTerm_isPresentInSearchResults()[pri:0, instance:GoogleSearchTest@7dc7cbad]" name="verifySearchTerm_isPresentInSearchResults" duration-ms="2338" started-at="2019-10-13T11:58:45Z" finished-at="2019-10-13T11:58:48Z">
          <reporter-output>
          </reporter-output>
        </test-method> <!-- verifySearchTerm_isPresentInSearchResults -->
        <test-method status="PASS" signature="closeBrowser()[pri:0, instance:GoogleSearchTest@7dc7cbad]" name="closeBrowser" is-config="true" duration-ms="110" started-at="2019-10-13T11:58:48Z" finished-at="2019-10-13T11:58:48Z">
          <reporter-output>
          </reporter-output>
        </test-method> <!-- closeBrowser -->
      </class> <!-- GoogleSearchTest -->
    </test> <!-- Google Search Results Tests -->
  </suite> <!-- TestNG Listener Example -->
</testng-results>
